# JRE version: OpenJDK Runtime Environment Temurin-21.0.8+9 (21.0.8+9) (build 21.0.8+9-LTS)
# Java VM: OpenJDK 64-Bit Server VM Temurin-21.0.8+9 (21.0.8+9-LTS, mixed mode, sharing, tiered, compressed oops, compressed class ptrs, g1 gc, windows-amd64)
GC Precious Log:
 CardTable entry size: 512
 Card Set container configuration: InlinePtr #cards 4 size 8 Array Of Cards #cards 32 size 80 Howl #buckets 8 coarsen threshold 7372 Howl Bitmap #cards 1024 size 144 coarsen threshold 921 Card regions per heap region 1 cards per card region 8192
 CPUs: 12 total, 12 available
 Memory: 7583M
 Large Page Support: Disabled
 NUMA Support: Disabled
 Compressed Oops: Enabled (Zero based)
 Heap Region Size: 4M
 Heap Min Capacity: 8M
 Heap Initial Capacity: 120M
 Heap Max Capacity: 8G
 Pre-touch: Disabled
 Parallel Workers: 10
 Concurrent Workers: 3
 Concurrent Refinement Workers: 10
 Periodic GC: Disabled
Heap:
 garbage-first heap   total 1421312K, used 930729K [0x0000000600000000, 0x0000000800000000)
  region size 4096K, 100 young (409600K), 2 survivors (8192K)
 Metaspace       used 231025K, committed 234624K, reserved 1310720K
  class space    used 30027K, committed 31808K, reserved 1048576K
GC Heap History (20 events):
Event: 1464.131 GC heap before
{Heap before GC invocations=91 (full 0):
 garbage-first heap   total 1720320K, used 675786K [0x0000000600000000, 0x0000000800000000)
  region size 4096K, 21 young (86016K), 3 survivors (12288K)
 Metaspace       used 228800K, committed 232256K, reserved 1310720K
  class space    used 30015K, committed 31680K, reserved 1048576K
}
Event: 1464.162 GC heap after
{Heap after GC invocations=92 (full 0):
 garbage-first heap   total 1720320K, used 616297K [0x0000000600000000, 0x0000000800000000)
  region size 4096K, 3 young (12288K), 3 survivors (12288K)
 Metaspace       used 228800K, committed 232256K, reserved 1310720K
  class space    used 30015K, committed 31680K, reserved 1048576K
}
Event: 1536.147 GC heap before
{Heap before GC invocations=92 (full 0):
 garbage-first heap   total 1720320K, used 702313K [0x0000000600000000, 0x0000000800000000)
  region size 4096K, 24 young (98304K), 3 survivors (12288K)
 Metaspace       used 229103K, committed 232640K, reserved 1310720K
  class space    used 30021K, committed 31744K, reserved 1048576K
}
Event: 1536.202 GC heap after
{Heap after GC invocations=93 (full 0):
 garbage-first heap   total 1720320K, used 633129K [0x0000000600000000, 0x0000000800000000)
  region size 4096K, 3 young (12288K), 3 survivors (12288K)
 Metaspace       used 229103K, committed 232640K, reserved 1310720K
  class space    used 30021K, committed 31744K, reserved 1048576K
}
Event: 1538.364 GC heap before
{Heap before GC invocations=93 (full 0):
 garbage-first heap   total 1720320K, used 706857K [0x0000000600000000, 0x0000000800000000)
  region size 4096K, 22 young (90112K), 3 survivors (12288K)
 Metaspace       used 229168K, committed 232640K, reserved 1310720K
  class space    used 30021K, committed 31744K, reserved 1048576K
}
Event: 1538.405 GC heap after
{Heap after GC invocations=94 (full 0):
 garbage-first heap   total 1720320K, used 648843K [0x0000000600000000, 0x0000000800000000)
  region size 4096K, 3 young (12288K), 3 survivors (12288K)
 Metaspace       used 229168K, committed 232640K, reserved 1310720K
  class space    used 30021K, committed 31744K, reserved 1048576K
}
Event: 1539.954 GC heap before
{Heap before GC invocations=94 (full 0):
 garbage-first heap   total 1720320K, used 784011K [0x0000000600000000, 0x0000000800000000)
  region size 4096K, 37 young (151552K), 3 survivors (12288K)
 Metaspace       used 229347K, committed 232832K, reserved 1310720K
  class space    used 30021K, committed 31744K, reserved 1048576K
}
Event: 1539.986 GC heap after
{Heap after GC invocations=95 (full 0):
 garbage-first heap   total 1720320K, used 652277K [0x0000000600000000, 0x0000000800000000)
  region size 4096K, 1 young (4096K), 1 survivors (4096K)
 Metaspace       used 229347K, committed 232832K, reserved 1310720K
  class space    used 30021K, committed 31744K, reserved 1048576K
}
Event: 1546.638 GC heap before
{Heap before GC invocations=95 (full 0):
 garbage-first heap   total 1720320K, used 971765K [0x0000000600000000, 0x0000000800000000)
  region size 4096K, 80 young (327680K), 1 survivors (4096K)
 Metaspace       used 230267K, committed 233792K, reserved 1310720K
  class space    used 30063K, committed 31744K, reserved 1048576K
}
Event: 1546.676 GC heap after
{Heap after GC invocations=96 (full 0):
 garbage-first heap   total 1720320K, used 675206K [0x0000000600000000, 0x0000000800000000)
  region size 4096K, 7 young (28672K), 7 survivors (28672K)
 Metaspace       used 230267K, committed 233792K, reserved 1310720K
  class space    used 30063K, committed 31744K, reserved 1048576K
}
Event: 1549.711 GC heap before
{Heap before GC invocations=96 (full 0):
 garbage-first heap   total 1720320K, used 884102K [0x0000000600000000, 0x0000000800000000)
  region size 4096K, 59 young (241664K), 7 survivors (28672K)
 Metaspace       used 231023K, committed 234560K, reserved 1310720K
  class space    used 30105K, committed 31808K, reserved 1048576K
}
Event: 1549.744 GC heap after
{Heap after GC invocations=97 (full 0):
 garbage-first heap   total 1720320K, used 671190K [0x0000000600000000, 0x0000000800000000)
  region size 4096K, 3 young (12288K), 3 survivors (12288K)
 Metaspace       used 231023K, committed 234560K, reserved 1310720K
  class space    used 30105K, committed 31808K, reserved 1048576K
}
Event: 1551.595 GC heap before
{Heap before GC invocations=97 (full 0):
 garbage-first heap   total 1720320K, used 749014K [0x0000000600000000, 0x0000000800000000)
  region size 4096K, 24 young (98304K), 3 survivors (12288K)
 Metaspace       used 231408K, committed 235008K, reserved 1310720K
  class space    used 30126K, committed 31872K, reserved 1048576K
}
Event: 1551.637 GC heap after
{Heap after GC invocations=98 (full 0):
 garbage-first heap   total 1720320K, used 666694K [0x0000000600000000, 0x0000000800000000)
  region size 4096K, 2 young (8192K), 2 survivors (8192K)
 Metaspace       used 231408K, committed 235008K, reserved 1310720K
  class space    used 30126K, committed 31872K, reserved 1048576K
}
Event: 1572.138 GC heap before
{Heap before GC invocations=99 (full 0):
 garbage-first heap   total 1720320K, used 1608774K [0x0000000600000000, 0x0000000800000000)
  region size 4096K, 224 young (917504K), 2 survivors (8192K)
 Metaspace       used 230571K, committed 234368K, reserved 1310720K
  class space    used 30035K, committed 31872K, reserved 1048576K
}
Event: 1572.614 GC heap after
{Heap after GC invocations=100 (full 0):
 garbage-first heap   total 1748992K, used 647929K [0x0000000600000000, 0x0000000800000000)
  region size 4096K, 28 young (114688K), 28 survivors (114688K)
 Metaspace       used 230571K, committed 234368K, reserved 1310720K
  class space    used 30035K, committed 31872K, reserved 1048576K
}
Event: 1582.047 GC heap before
{Heap before GC invocations=100 (full 0):
 garbage-first heap   total 1748992K, used 1553145K [0x0000000600000000, 0x0000000800000000)
  region size 4096K, 241 young (987136K), 28 survivors (114688K)
 Metaspace       used 231350K, committed 234944K, reserved 1310720K
  class space    used 30080K, committed 31872K, reserved 1048576K
}
Event: 1582.195 GC heap after
{Heap after GC invocations=101 (full 0):
 garbage-first heap   total 1748992K, used 446117K [0x0000000600000000, 0x0000000800000000)
  region size 4096K, 6 young (24576K), 6 survivors (24576K)
 Metaspace       used 231350K, committed 234944K, reserved 1310720K
  class space    used 30080K, committed 31872K, reserved 1048576K
}
Event: 1585.533 GC heap before
{Heap before GC invocations=101 (full 0):
 garbage-first heap   total 1748992K, used 605861K [0x0000000600000000, 0x0000000800000000)
  region size 4096K, 46 young (188416K), 6 survivors (24576K)
 Metaspace       used 231472K, committed 235136K, reserved 1310720K
  class space    used 30081K, committed 31872K, reserved 1048576K
}
Event: 1585.603 GC heap after
{Heap after GC invocations=102 (full 0):
 garbage-first heap   total 1748992K, used 439209K [0x0000000600000000, 0x0000000800000000)
  region size 4096K, 2 young (8192K), 2 survivors (8192K)
 Metaspace       used 231472K, committed 235136K, reserved 1310720K
  class space    used 30081K, committed 31872K, reserved 1048576K
}

