# JRE version: OpenJDK Runtime Environment Temurin-21.0.8+9 (21.0.8+9) (build 21.0.8+9-LTS)
# Java VM: OpenJDK 64-Bit Server VM Temurin-21.0.8+9 (21.0.8+9-LTS, mixed mode, sharing, tiered, compressed oops, compressed class ptrs, g1 gc, windows-amd64)
GC Precious Log:
 CardTable entry size: 512
 Card Set container configuration: InlinePtr #cards 4 size 8 Array Of Cards #cards 32 size 80 Howl #buckets 8 coarsen threshold 7372 Howl Bitmap #cards 1024 size 144 coarsen threshold 921 Card regions per heap region 1 cards per card region 8192
 CPUs: 12 total, 12 available
 Memory: 7583M
 Large Page Support: Disabled
 NUMA Support: Disabled
 Compressed Oops: Enabled (Zero based)
 Heap Region Size: 4M
 Heap Min Capacity: 8M
 Heap Initial Capacity: 120M
 Heap Max Capacity: 8G
 Pre-touch: Disabled
 Parallel Workers: 10
 Concurrent Workers: 3
 Concurrent Refinement Workers: 10
 Periodic GC: Disabled
Heap:
 garbage-first heap   total 1032192K, used 622149K [0x0000000600000000, 0x0000000800000000)
  region size 4096K, 2 young (8192K), 2 survivors (8192K)
 Metaspace       used 243792K, committed 249280K, reserved 1310720K
  class space    used 31302K, committed 33856K, reserved 1048576K
GC Heap History (20 events):
Event: 8222.967 GC heap after
{Heap after GC invocations=136 (full 1):
 garbage-first heap   total 864256K, used 353046K [0x0000000600000000, 0x0000000800000000)
  region size 4096K, 7 young (28672K), 7 survivors (28672K)
 Metaspace       used 244273K, committed 249152K, reserved 1310720K
  class space    used 31366K, committed 33856K, reserved 1048576K
}
Event: 8225.378 GC heap before
{Heap before GC invocations=136 (full 1):
 garbage-first heap   total 864256K, used 783126K [0x0000000600000000, 0x0000000800000000)
  region size 4096K, 109 young (446464K), 7 survivors (28672K)
 Metaspace       used 244290K, committed 249152K, reserved 1310720K
  class space    used 31366K, committed 33856K, reserved 1048576K
}
Event: 8225.514 GC heap after
{Heap after GC invocations=137 (full 1):
 garbage-first heap   total 921600K, used 436220K [0x0000000600000000, 0x0000000800000000)
  region size 4096K, 14 young (57344K), 14 survivors (57344K)
 Metaspace       used 244290K, committed 249152K, reserved 1310720K
  class space    used 31366K, committed 33856K, reserved 1048576K
}
Event: 8225.542 GC heap before
{Heap before GC invocations=137 (full 1):
 garbage-first heap   total 921600K, used 440316K [0x0000000600000000, 0x0000000800000000)
  region size 4096K, 15 young (61440K), 14 survivors (57344K)
 Metaspace       used 244290K, committed 249152K, reserved 1310720K
  class space    used 31366K, committed 33856K, reserved 1048576K
}
Event: 8225.620 GC heap after
{Heap after GC invocations=138 (full 1):
 garbage-first heap   total 921600K, used 445906K [0x0000000600000000, 0x0000000800000000)
  region size 4096K, 2 young (8192K), 2 survivors (8192K)
 Metaspace       used 244290K, committed 249152K, reserved 1310720K
  class space    used 31366K, committed 33856K, reserved 1048576K
}
Event: 8230.322 GC heap before
{Heap before GC invocations=139 (full 1):
 garbage-first heap   total 921600K, used 646610K [0x0000000600000000, 0x0000000800000000)
  region size 4096K, 52 young (212992K), 2 survivors (8192K)
 Metaspace       used 243331K, committed 249216K, reserved 1310720K
  class space    used 31286K, committed 33856K, reserved 1048576K
}
Event: 8230.371 GC heap after
{Heap after GC invocations=140 (full 1):
 garbage-first heap   total 921600K, used 489389K [0x0000000600000000, 0x0000000800000000)
  region size 4096K, 7 young (28672K), 7 survivors (28672K)
 Metaspace       used 243331K, committed 249216K, reserved 1310720K
  class space    used 31286K, committed 33856K, reserved 1048576K
}
Event: 8233.209 GC heap before
{Heap before GC invocations=140 (full 1):
 garbage-first heap   total 921600K, used 710573K [0x0000000600000000, 0x0000000800000000)
  region size 4096K, 62 young (253952K), 7 survivors (28672K)
 Metaspace       used 243620K, committed 249216K, reserved 1310720K
  class space    used 31306K, committed 33856K, reserved 1048576K
}
Event: 8233.292 GC heap after
{Heap after GC invocations=141 (full 1):
 garbage-first heap   total 921600K, used 519160K [0x0000000600000000, 0x0000000800000000)
  region size 4096K, 7 young (28672K), 7 survivors (28672K)
 Metaspace       used 243620K, committed 249216K, reserved 1310720K
  class space    used 31306K, committed 33856K, reserved 1048576K
}
Event: 8236.956 GC heap before
{Heap before GC invocations=141 (full 1):
 garbage-first heap   total 921600K, used 756728K [0x0000000600000000, 0x0000000800000000)
  region size 4096K, 66 young (270336K), 7 survivors (28672K)
 Metaspace       used 243654K, committed 249216K, reserved 1310720K
  class space    used 31306K, committed 33856K, reserved 1048576K
}
Event: 8237.007 GC heap after
{Heap after GC invocations=142 (full 1):
 garbage-first heap   total 921600K, used 514768K [0x0000000600000000, 0x0000000800000000)
  region size 4096K, 3 young (12288K), 3 survivors (12288K)
 Metaspace       used 243654K, committed 249216K, reserved 1310720K
  class space    used 31306K, committed 33856K, reserved 1048576K
}
Event: 8241.486 GC heap before
{Heap before GC invocations=142 (full 1):
 garbage-first heap   total 921600K, used 789200K [0x0000000600000000, 0x0000000800000000)
  region size 4096K, 66 young (270336K), 3 survivors (12288K)
 Metaspace       used 243672K, committed 249216K, reserved 1310720K
  class space    used 31307K, committed 33856K, reserved 1048576K
}
Event: 8241.550 GC heap after
{Heap after GC invocations=143 (full 1):
 garbage-first heap   total 921600K, used 554591K [0x0000000600000000, 0x0000000800000000)
  region size 4096K, 8 young (32768K), 8 survivors (32768K)
 Metaspace       used 243672K, committed 249216K, reserved 1310720K
  class space    used 31307K, committed 33856K, reserved 1048576K
}
Event: 8242.555 GC heap before
{Heap before GC invocations=143 (full 1):
 garbage-first heap   total 921600K, used 611935K [0x0000000600000000, 0x0000000800000000)
  region size 4096K, 23 young (94208K), 8 survivors (32768K)
 Metaspace       used 243672K, committed 249216K, reserved 1310720K
  class space    used 31307K, committed 33856K, reserved 1048576K
}
Event: 8242.601 GC heap after
{Heap after GC invocations=144 (full 1):
 garbage-first heap   total 921600K, used 552606K [0x0000000600000000, 0x0000000800000000)
  region size 4096K, 1 young (4096K), 1 survivors (4096K)
 Metaspace       used 243672K, committed 249216K, reserved 1310720K
  class space    used 31307K, committed 33856K, reserved 1048576K
}
Event: 8249.805 GC heap before
{Heap before GC invocations=145 (full 1):
 garbage-first heap   total 958464K, used 814750K [0x0000000600000000, 0x0000000800000000)
  region size 4096K, 64 young (262144K), 1 survivors (4096K)
 Metaspace       used 243586K, committed 249280K, reserved 1310720K
  class space    used 31291K, committed 33856K, reserved 1048576K
}
Event: 8249.838 GC heap after
{Heap after GC invocations=146 (full 1):
 garbage-first heap   total 958464K, used 554968K [0x0000000600000000, 0x0000000800000000)
  region size 4096K, 3 young (12288K), 3 survivors (12288K)
 Metaspace       used 243586K, committed 249280K, reserved 1310720K
  class space    used 31291K, committed 33856K, reserved 1048576K
}
Event: 8346.076 GC heap before
{Heap before GC invocations=146 (full 1):
 garbage-first heap   total 978944K, used 960472K [0x0000000600000000, 0x0000000800000000)
  region size 4096K, 75 young (307200K), 3 survivors (12288K)
 Metaspace       used 243792K, committed 249280K, reserved 1310720K
  class space    used 31302K, committed 33856K, reserved 1048576K
}
Event: 8350.899 GC heap after
{Heap after GC invocations=147 (full 1):
 garbage-first heap   total 1032192K, used 603622K [0x0000000600000000, 0x0000000800000000)
  region size 4096K, 5 young (20480K), 5 survivors (20480K)
 Metaspace       used 243792K, committed 249280K, reserved 1310720K
  class space    used 31302K, committed 33856K, reserved 1048576K
}
Event: 8351.309 GC heap before
{Heap before GC invocations=147 (full 1):
 garbage-first heap   total 1032192K, used 628198K [0x0000000600000000, 0x0000000800000000)
  region size 4096K, 12 young (49152K), 5 survivors (20480K)
 Metaspace       used 243792K, committed 249280K, reserved 1310720K
  class space    used 31302K, committed 33856K, reserved 1048576K
}

